<?xml version="1.0" encoding="UTF-8"?>
<!-- Generated by org.testng.reporters.JUnitReportReporter -->
<testsuite hostname="DESKTOP-RQN3NI2" failures="0" tests="1" name="api_Automation.MMT_Token_generation_API" time="5.014" errors="0" timestamp="2023-08-20T14:29:16 IST" skipped="0">
  <testcase classname="api_Automation.MMT_Token_generation_API" name="MMT_Token" time="5.014"/>
  <system-out/>
</testsuite> <!-- api_Automation.MMT_Token_generation_API -->
