<?xml version="1.0" encoding="UTF-8"?>
<!-- Generated by org.testng.reporters.JUnitReportReporter -->
<testsuite hostname="DESKTOP-RQN3NI2" failures="0" tests="5" name="mmt.MMT_UI" time="57.944" errors="0" timestamp="2023-08-09T14:22:01 IST" skipped="0">
  <testcase classname="mmt.MMT_UI" name="test_home_page" time="0.127"/>
  <system-out/>
  <testcase classname="mmt.MMT_UI" name="test_pan_dob_page" time="1.772"/>
  <system-out/>
  <testcase classname="mmt.MMT_UI" name="test_aadhaar_page" time="20.123"/>
  <system-out/>
  <testcase classname="mmt.MMT_UI" name="test_aadhaar_otp_page" time="1.444"/>
  <system-out/>
  <testcase classname="mmt.MMT_UI" name="test_mmt_offer_page" time="34.478"/>
  <system-out/>
</testsuite> <!-- mmt.MMT_UI -->
