<?xml version="1.0" encoding="UTF-8"?>
<!-- Generated by org.testng.reporters.JUnitReportReporter -->
<testsuite hostname="DESKTOP-RQN3NI2" failures="0" tests="1" name="selenium_grid.Just" time="16.096" errors="0" timestamp="2023-07-31T17:22:58 IST" skipped="0">
  <testcase classname="selenium_grid.Just" name="test_ekyc_pan_page" time="16.096"/>
  <system-out/>
</testsuite> <!-- selenium_grid.Just -->
