<?xml version="1.0" encoding="UTF-8"?>
<!-- Generated by org.testng.reporters.JUnitReportReporter -->
<testsuite hostname="DESKTOP-RQN3NI2" failures="0" tests="1" name="mmt.prac" time="0.018" errors="0" timestamp="2023-12-14T11:54:53 IST" skipped="0">
  <testcase classname="mmt.prac" name="arry" time="0.018"/>
  <system-out/>
</testsuite> <!-- mmt.prac -->
