<?xml version="1.0" encoding="UTF-8"?>
<!-- Generated by org.testng.reporters.JUnitReportReporter -->
<testsuite hostname="DESKTOP-RQN3NI2" failures="0" tests="1" name="api_Automation.API_authentication" time="2.699" errors="0" timestamp="2023-08-22T08:54:15 IST" skipped="0">
  <testcase classname="api_Automation.API_authentication" name="test1" time="2.699"/>
  <system-out/>
</testsuite> <!-- api_Automation.API_authentication -->
