<?xml version="1.0" encoding="UTF-8"?>
<!-- Generated by org.testng.reporters.JUnitReportReporter -->
<testsuite hostname="DESKTOP-RQN3NI2" failures="0" tests="1" name="api_Automation.API" time="3.849" errors="0" timestamp="2023-08-17T16:18:52 IST" skipped="0">
  <testcase classname="api_Automation.API" name="testresponse" time="3.849"/>
  <system-out/>
</testsuite> <!-- api_Automation.API -->
