<?xml version="1.0" encoding="UTF-8"?>
<!-- Generated by org.testng.reporters.JUnitReportReporter -->
<testsuite hostname="DESKTOP-RQN3NI2" failures="0" tests="1" name="db_connection.Database_connect" time="0.266" errors="0" timestamp="2023-07-22T18:47:42 IST" skipped="0">
  <testcase classname="db_connection.Database_connect" name="mysql_db_connect" time="0.266"/>
  <system-out/>
</testsuite> <!-- db_connection.Database_connect -->
