<?xml version="1.0" encoding="UTF-8"?>
<!-- Generated by org.testng.reporters.JUnitReportReporter -->
<testsuite hostname="DESKTOP-RQN3NI2" failures="0" tests="5" name="mmt.MMT_UI" time="44.824" errors="0" timestamp="2023-08-10T20:48:59 IST" skipped="0">
  <testcase classname="mmt.MMT_UI" name="test_home_page" time="0.174"/>
  <system-out/>
  <testcase classname="mmt.MMT_UI" name="test_pan_dob_page" time="1.768"/>
  <system-out/>
  <testcase classname="mmt.MMT_UI" name="test_aadhaar_page" time="13.116"/>
  <system-out/>
  <testcase classname="mmt.MMT_UI" name="test_aadhaar_otp_page" time="2.752"/>
  <system-out/>
  <testcase classname="mmt.MMT_UI" name="test_mmt_offer_page" time="27.014"/>
  <system-out/>
</testsuite> <!-- mmt.MMT_UI -->
