<?xml version="1.0" encoding="UTF-8"?>
<!-- Generated by org.testng.reporters.JUnitReportReporter -->
<testsuite hostname="DESKTOP-RQN3NI2" failures="0" tests="1" name="com.learnautomation.listener.Extendreport_new" time="1.095" errors="0" timestamp="2023-06-13T16:35:45 IST" skipped="0">
  <testcase classname="com.learnautomation.listener.Extendreport_new" name="test1" time="1.095"/>
  <system-out/>
</testsuite> <!-- com.learnautomation.listener.Extendreport_new -->
