<?xml version="1.0" encoding="UTF-8"?>
<!-- Generated by org.testng.reporters.JUnitReportReporter -->
<testsuite hostname="DESKTOP-RQN3NI2" failures="0" tests="1" name="api_Automation.Getappdetails_API" time="4.039" errors="0" timestamp="2023-08-22T09:40:22 IST" skipped="0">
  <testcase classname="api_Automation.Getappdetails_API" name="test1" time="4.039"/>
  <system-out/>
</testsuite> <!-- api_Automation.Getappdetails_API -->
