<?xml version="1.0" encoding="UTF-8"?>
<!-- Generated by org.testng.reporters.JUnitReportReporter -->
<testsuite hostname="DESKTOP-RQN3NI2" failures="0" tests="5" name="mmt.MMT_UI" time="39.570" errors="0" timestamp="2023-08-18T18:10:17 IST" skipped="0">
  <testcase classname="mmt.MMT_UI" name="test_home_page" time="0.218"/>
  <system-out/>
  <testcase classname="mmt.MMT_UI" name="test_pan_dob_page" time="2.342"/>
  <system-out/>
  <testcase classname="mmt.MMT_UI" name="test_aadhaar_page" time="15.711"/>
  <system-out/>
  <testcase classname="mmt.MMT_UI" name="test_aadhaar_otp_page" time="2.230"/>
  <system-out/>
  <testcase classname="mmt.MMT_UI" name="test_mmt_offer_page" time="19.069"/>
  <system-out/>
</testsuite> <!-- mmt.MMT_UI -->
